<?xml version="1.0" encoding="UTF-8"?>
<testng-results ignored="0" total="3" passed="3" failed="0" skipped="0">
  <reporter-output>
  </reporter-output>
  <suite started-at="2023-08-20T22:27:09 IST" name="Excel Based Suite" finished-at="2023-08-20T22:27:42 IST" duration-ms="32906">
    <groups>
      <group name="Sanity">
        <method signature="TestCases.loginTest()[pri:0, instance:testCases.TestCases@2a7b6f69]" name="loginTest" class="testCases.TestCases"/>
      </group> <!-- Sanity -->
      <group name="Regression">
        <method signature="TestCases.loginTest()[pri:0, instance:testCases.TestCases@2a7b6f69]" name="loginTest" class="testCases.TestCases"/>
        <method signature="TestCases.testFilpkart()[pri:0, instance:testCases.TestCases@2a7b6f69]" name="testFilpkart" class="testCases.TestCases"/>
      </group> <!-- Regression -->
      <group name="Smoke">
        <method signature="TestCases.fileUpload()[pri:0, instance:testCases.TestCases@2a7b6f69]" name="fileUpload" class="testCases.TestCases"/>
        <method signature="TestCases.loginTest()[pri:0, instance:testCases.TestCases@2a7b6f69]" name="loginTest" class="testCases.TestCases"/>
      </group> <!-- Smoke -->
    </groups>
    <test started-at="2023-08-20T22:27:09 IST" name="Excel Based Regression Testing" finished-at="2023-08-20T22:27:42 IST" duration-ms="32906">
      <class name="testCases.TestCases">
        <test-method is-config="true" signature="start()[pri:0, instance:testCases.TestCases@2a7b6f69]" started-at="2023-08-20T22:27:09 IST" name="start" finished-at="2023-08-20T22:27:09 IST" duration-ms="13" status="PASS">
          <reporter-output>
          </reporter-output>
        </test-method> <!-- start -->
        <test-method is-config="true" signature="setUp()[pri:0, instance:testCases.TestCases@2a7b6f69]" started-at="2023-08-20T22:27:09 IST" name="setUp" finished-at="2023-08-20T22:27:16 IST" duration-ms="6532" status="PASS">
          <reporter-output>
          </reporter-output>
        </test-method> <!-- setUp -->
        <test-method signature="fileUpload()[pri:0, instance:testCases.TestCases@2a7b6f69]" started-at="2023-08-20T22:27:16 IST" name="fileUpload" finished-at="2023-08-20T22:27:23 IST" duration-ms="6879" status="PASS">
          <reporter-output>
          </reporter-output>
        </test-method> <!-- fileUpload -->
        <test-method is-config="true" signature="TakeDown()[pri:0, instance:testCases.TestCases@2a7b6f69]" started-at="2023-08-20T22:27:23 IST" name="TakeDown" finished-at="2023-08-20T22:27:23 IST" duration-ms="453" status="PASS">
          <reporter-output>
          </reporter-output>
        </test-method> <!-- TakeDown -->
        <test-method is-config="true" signature="setUp()[pri:0, instance:testCases.TestCases@2a7b6f69]" started-at="2023-08-20T22:27:23 IST" name="setUp" finished-at="2023-08-20T22:27:29 IST" duration-ms="5474" status="PASS">
          <reporter-output>
          </reporter-output>
        </test-method> <!-- setUp -->
        <test-method signature="loginTest()[pri:0, instance:testCases.TestCases@2a7b6f69]" started-at="2023-08-20T22:27:29 IST" name="loginTest" finished-at="2023-08-20T22:27:33 IST" duration-ms="4629" status="PASS">
          <reporter-output>
          </reporter-output>
        </test-method> <!-- loginTest -->
        <test-method is-config="true" signature="TakeDown()[pri:0, instance:testCases.TestCases@2a7b6f69]" started-at="2023-08-20T22:27:33 IST" name="TakeDown" finished-at="2023-08-20T22:27:34 IST" duration-ms="264" status="PASS">
          <reporter-output>
          </reporter-output>
        </test-method> <!-- TakeDown -->
        <test-method is-config="true" signature="setUp()[pri:0, instance:testCases.TestCases@2a7b6f69]" started-at="2023-08-20T22:27:34 IST" name="setUp" finished-at="2023-08-20T22:27:38 IST" duration-ms="4731" status="PASS">
          <reporter-output>
          </reporter-output>
        </test-method> <!-- setUp -->
        <test-method signature="testFilpkart()[pri:0, instance:testCases.TestCases@2a7b6f69]" started-at="2023-08-20T22:27:38 IST" name="testFilpkart" finished-at="2023-08-20T22:27:42 IST" duration-ms="3579" status="PASS">
          <reporter-output>
          </reporter-output>
        </test-method> <!-- testFilpkart -->
        <test-method is-config="true" signature="TakeDown()[pri:0, instance:testCases.TestCases@2a7b6f69]" started-at="2023-08-20T22:27:42 IST" name="TakeDown" finished-at="2023-08-20T22:27:42 IST" duration-ms="319" status="PASS">
          <reporter-output>
          </reporter-output>
        </test-method> <!-- TakeDown -->
        <test-method is-config="true" signature="stop()[pri:0, instance:testCases.TestCases@2a7b6f69]" started-at="2023-08-20T22:27:42 IST" name="stop" finished-at="2023-08-20T22:27:42 IST" duration-ms="1" status="PASS">
          <reporter-output>
          </reporter-output>
        </test-method> <!-- stop -->
      </class> <!-- testCases.TestCases -->
    </test> <!-- Excel Based Regression Testing -->
  </suite> <!-- Excel Based Suite -->
</testng-results>
