<?xml version="1.0" encoding="UTF-8"?>
<!-- Generated by org.testng.reporters.JUnitXMLReporter -->
<testsuite ignored="0" hostname="DESKTOP-FV0KD14" failures="0" tests="3" name="Excel Based Regression Testing" time="30.07" errors="0" timestamp="2023-08-22T10:56:13 IST">
  <testcase classname="testCases.TestCases" name="fileUpload" time="6.504"/>
  <testcase classname="testCases.TestCases" name="loginTest" time="7.732"/>
  <testcase classname="testCases.TestCases" name="testFilpkart" time="1.898"/>
</testsuite> <!-- Excel Based Regression Testing -->
