<?xml version="1.0" encoding="UTF-8"?>
<testng-results ignored="1" total="4" passed="3" failed="0" skipped="0">
  <reporter-output>
  </reporter-output>
  <suite started-at="2023-08-20T22:00:46 IST" name="Suite" finished-at="2023-08-20T22:01:20 IST" duration-ms="34269">
    <groups>
      <group name="Sanity">
        <method signature="TestCases2.fileUpload()[pri:0, instance:testCases.TestCases2@1189dd52]" name="fileUpload" class="testCases.TestCases2"/>
      </group> <!-- Sanity -->
      <group name="Regression">
        <method signature="TestCases.testFilpkart()[pri:0, instance:testCases.TestCases@72d1ad2e]" name="testFilpkart" class="testCases.TestCases"/>
        <method signature="TestCases2.fileUpload()[pri:0, instance:testCases.TestCases2@1189dd52]" name="fileUpload" class="testCases.TestCases2"/>
      </group> <!-- Regression -->
      <group name="Smoke">
        <method signature="TestCases.fileUpload()[pri:0, instance:testCases.TestCases@72d1ad2e]" name="fileUpload" class="testCases.TestCases"/>
        <method signature="TestCases2.fileUpload()[pri:0, instance:testCases.TestCases2@1189dd52]" name="fileUpload" class="testCases.TestCases2"/>
      </group> <!-- Smoke -->
    </groups>
    <test started-at="2023-08-20T22:00:46 IST" name="Test" finished-at="2023-08-20T22:01:20 IST" duration-ms="34269">
      <class name="testCases.TestCases2">
        <test-method is-config="true" signature="start()[pri:0, instance:testCases.TestCases2@1189dd52]" started-at="2023-08-20T22:01:08 IST" name="start" finished-at="2023-08-20T22:01:08 IST" duration-ms="4" status="PASS">
          <reporter-output>
          </reporter-output>
        </test-method> <!-- start -->
        <test-method is-config="true" signature="setUp()[pri:0, instance:testCases.TestCases2@1189dd52]" started-at="2023-08-20T22:01:08 IST" name="setUp" finished-at="2023-08-20T22:01:13 IST" duration-ms="4755" status="PASS">
          <reporter-output>
          </reporter-output>
        </test-method> <!-- setUp -->
        <test-method signature="fileUpload()[pri:0, instance:testCases.TestCases2@1189dd52]" started-at="2023-08-20T22:01:13 IST" name="fileUpload" finished-at="2023-08-20T22:01:19 IST" duration-ms="6918" status="PASS">
          <reporter-output>
          </reporter-output>
        </test-method> <!-- fileUpload -->
        <test-method is-config="true" signature="TakeDown()[pri:0, instance:testCases.TestCases2@1189dd52]" started-at="2023-08-20T22:01:19 IST" name="TakeDown" finished-at="2023-08-20T22:01:20 IST" duration-ms="440" status="PASS">
          <reporter-output>
          </reporter-output>
        </test-method> <!-- TakeDown -->
        <test-method is-config="true" signature="stop()[pri:0, instance:testCases.TestCases2@1189dd52]" started-at="2023-08-20T22:01:20 IST" name="stop" finished-at="2023-08-20T22:01:20 IST" duration-ms="0" status="PASS">
          <reporter-output>
          </reporter-output>
        </test-method> <!-- stop -->
      </class> <!-- testCases.TestCases2 -->
      <class name="testCases.TestCases">
        <test-method is-config="true" signature="start()[pri:0, instance:testCases.TestCases@72d1ad2e]" started-at="2023-08-20T22:00:46 IST" name="start" finished-at="2023-08-20T22:00:46 IST" duration-ms="108" status="PASS">
          <reporter-output>
          </reporter-output>
        </test-method> <!-- start -->
        <test-method is-config="true" signature="setUp()[pri:0, instance:testCases.TestCases@72d1ad2e]" started-at="2023-08-20T22:00:46 IST" name="setUp" finished-at="2023-08-20T22:00:52 IST" duration-ms="6496" status="PASS">
          <reporter-output>
          </reporter-output>
        </test-method> <!-- setUp -->
        <test-method signature="fileUpload()[pri:0, instance:testCases.TestCases@72d1ad2e]" started-at="2023-08-20T22:00:52 IST" name="fileUpload" finished-at="2023-08-20T22:00:59 IST" duration-ms="6881" status="PASS">
          <reporter-output>
          </reporter-output>
        </test-method> <!-- fileUpload -->
        <test-method is-config="true" signature="TakeDown()[pri:0, instance:testCases.TestCases@72d1ad2e]" started-at="2023-08-20T22:00:59 IST" name="TakeDown" finished-at="2023-08-20T22:00:59 IST" duration-ms="326" status="PASS">
          <reporter-output>
          </reporter-output>
        </test-method> <!-- TakeDown -->
        <test-method is-config="true" signature="setUp()[pri:0, instance:testCases.TestCases@72d1ad2e]" started-at="2023-08-20T22:00:59 IST" name="setUp" finished-at="2023-08-20T22:01:05 IST" duration-ms="5128" status="PASS">
          <reporter-output>
          </reporter-output>
        </test-method> <!-- setUp -->
        <test-method signature="testFilpkart()[pri:0, instance:testCases.TestCases@72d1ad2e]" started-at="2023-08-20T22:01:05 IST" name="testFilpkart" finished-at="2023-08-20T22:01:07 IST" duration-ms="2855" status="PASS">
          <reporter-output>
          </reporter-output>
        </test-method> <!-- testFilpkart -->
        <test-method is-config="true" signature="TakeDown()[pri:0, instance:testCases.TestCases@72d1ad2e]" started-at="2023-08-20T22:01:07 IST" name="TakeDown" finished-at="2023-08-20T22:01:08 IST" duration-ms="317" status="PASS">
          <reporter-output>
          </reporter-output>
        </test-method> <!-- TakeDown -->
        <test-method is-config="true" signature="stop()[pri:0, instance:testCases.TestCases@72d1ad2e]" started-at="2023-08-20T22:01:08 IST" name="stop" finished-at="2023-08-20T22:01:08 IST" duration-ms="1" status="PASS">
          <reporter-output>
          </reporter-output>
        </test-method> <!-- stop -->
      </class> <!-- testCases.TestCases -->
    </test> <!-- Test -->
  </suite> <!-- Suite -->
</testng-results>
