<?xml version="1.0" encoding="UTF-8"?>
<testng-results ignored="0" total="2" passed="2" failed="0" skipped="0">
  <reporter-output>
  </reporter-output>
  <suite started-at="2023-08-12T15:51:52 IST" name="Suite" finished-at="2023-08-12T15:52:33 IST" duration-ms="41067">
    <groups>
      <group name="smoke">
        <method signature="TestCases.fileUpload()[pri:0, instance:testCases.TestCases@6ae5aa72]" name="fileUpload" class="testCases.TestCases"/>
      </group> <!-- smoke -->
    </groups>
    <test started-at="2023-08-12T15:51:52 IST" name="Test" finished-at="2023-08-12T15:52:33 IST" duration-ms="41067">
      <class name="testCases.TestCases">
        <test-method is-config="true" signature="start()[pri:0, instance:testCases.TestCases@6ae5aa72]" started-at="2023-08-12T15:51:52 IST" name="start" finished-at="2023-08-12T15:51:52 IST" duration-ms="122" status="PASS">
          <reporter-output>
          </reporter-output>
        </test-method> <!-- start -->
        <test-method is-config="true" signature="setUp()[pri:0, instance:testCases.TestCases@6ae5aa72]" started-at="2023-08-12T15:51:52 IST" name="setUp" finished-at="2023-08-12T15:51:58 IST" duration-ms="5508" status="PASS">
          <reporter-output>
          </reporter-output>
        </test-method> <!-- setUp -->
        <test-method signature="fileUpload()[pri:0, instance:testCases.TestCases@6ae5aa72]" started-at="2023-08-12T15:51:58 IST" name="fileUpload" finished-at="2023-08-12T15:52:24 IST" duration-ms="25915" status="PASS">
          <reporter-output>
          </reporter-output>
        </test-method> <!-- fileUpload -->
        <test-method is-config="true" signature="TakeDown()[pri:0, instance:testCases.TestCases@6ae5aa72]" started-at="2023-08-12T15:52:24 IST" name="TakeDown" finished-at="2023-08-12T15:52:24 IST" duration-ms="705" status="PASS">
          <reporter-output>
          </reporter-output>
        </test-method> <!-- TakeDown -->
        <test-method is-config="true" signature="setUp()[pri:0, instance:testCases.TestCases@6ae5aa72]" started-at="2023-08-12T15:52:24 IST" name="setUp" finished-at="2023-08-12T15:52:28 IST" duration-ms="3761" status="PASS">
          <reporter-output>
          </reporter-output>
        </test-method> <!-- setUp -->
        <test-method signature="loginTest()[pri:0, instance:testCases.TestCases@6ae5aa72]" started-at="2023-08-12T15:52:28 IST" name="loginTest" finished-at="2023-08-12T15:52:33 IST" duration-ms="4712" status="PASS">
          <reporter-output>
          </reporter-output>
        </test-method> <!-- loginTest -->
        <test-method is-config="true" signature="TakeDown()[pri:0, instance:testCases.TestCases@6ae5aa72]" started-at="2023-08-12T15:52:33 IST" name="TakeDown" finished-at="2023-08-12T15:52:33 IST" duration-ms="309" status="PASS">
          <reporter-output>
          </reporter-output>
        </test-method> <!-- TakeDown -->
        <test-method is-config="true" signature="stop()[pri:0, instance:testCases.TestCases@6ae5aa72]" started-at="2023-08-12T15:52:33 IST" name="stop" finished-at="2023-08-12T15:52:33 IST" duration-ms="1" status="PASS">
          <reporter-output>
          </reporter-output>
        </test-method> <!-- stop -->
      </class> <!-- testCases.TestCases -->
    </test> <!-- Test -->
  </suite> <!-- Suite -->
</testng-results>
