<?xml version="1.0" encoding="UTF-8"?>
<!-- Generated by org.testng.reporters.JUnitXMLReporter -->
<testsuite ignored="0" hostname="DESKTOP-FV0KD14" failures="0" tests="3" name="Test2" time="32.427" errors="0" timestamp="2023-08-18T02:09:51 IST">
  <testcase classname="testCases.TestCases" name="fileUpload" time="6.94"/>
  <testcase classname="testCases.TestCases" name="loginTest" time="3.877"/>
  <testcase classname="testCases.TestCases" name="testFilpkart" time="2.775"/>
</testsuite> <!-- Test2 -->
