<?xml version="1.0" encoding="UTF-8"?>
<testng-results ignored="1" total="3" passed="2" failed="0" skipped="0">
  <reporter-output>
  </reporter-output>
  <suite started-at="2023-08-17T23:32:14 IST" name="Suite2" finished-at="2023-08-17T23:32:40 IST" duration-ms="26170">
    <groups>
      <group name="Sanity">
        <method signature="TestCases.loginTest()[pri:0, instance:testCases.TestCases@7a3d45bd]" name="loginTest" class="testCases.TestCases"/>
      </group> <!-- Sanity -->
      <group name="Smoke">
        <method signature="TestCases.fileUpload()[pri:0, instance:testCases.TestCases@7a3d45bd]" name="fileUpload" class="testCases.TestCases"/>
      </group> <!-- Smoke -->
    </groups>
    <test started-at="2023-08-17T23:32:14 IST" name="Test2" finished-at="2023-08-17T23:32:40 IST" duration-ms="26170">
      <class name="testCases.TestCases">
        <test-method is-config="true" signature="start()[pri:0, instance:testCases.TestCases@7a3d45bd]" started-at="2023-08-17T23:32:14 IST" name="start" finished-at="2023-08-17T23:32:14 IST" duration-ms="97" status="PASS">
          <reporter-output>
          </reporter-output>
        </test-method> <!-- start -->
        <test-method is-config="true" signature="setUp()[pri:0, instance:testCases.TestCases@7a3d45bd]" started-at="2023-08-17T23:32:14 IST" name="setUp" finished-at="2023-08-17T23:32:21 IST" duration-ms="6461" status="PASS">
          <reporter-output>
          </reporter-output>
        </test-method> <!-- setUp -->
        <test-method signature="fileUpload()[pri:0, instance:testCases.TestCases@7a3d45bd]" started-at="2023-08-17T23:32:21 IST" name="fileUpload" finished-at="2023-08-17T23:32:27 IST" duration-ms="6539" status="PASS">
          <reporter-output>
          </reporter-output>
        </test-method> <!-- fileUpload -->
        <test-method is-config="true" signature="TakeDown()[pri:0, instance:testCases.TestCases@7a3d45bd]" started-at="2023-08-17T23:32:27 IST" name="TakeDown" finished-at="2023-08-17T23:32:27 IST" duration-ms="231" status="PASS">
          <reporter-output>
          </reporter-output>
        </test-method> <!-- TakeDown -->
        <test-method is-config="true" signature="setUp()[pri:0, instance:testCases.TestCases@7a3d45bd]" started-at="2023-08-17T23:32:27 IST" name="setUp" finished-at="2023-08-17T23:32:37 IST" duration-ms="9170" status="PASS">
          <reporter-output>
          </reporter-output>
        </test-method> <!-- setUp -->
        <test-method signature="loginTest()[pri:0, instance:testCases.TestCases@7a3d45bd]" started-at="2023-08-17T23:32:37 IST" name="loginTest" finished-at="2023-08-17T23:32:40 IST" duration-ms="3468" status="PASS">
          <reporter-output>
          </reporter-output>
        </test-method> <!-- loginTest -->
        <test-method is-config="true" signature="TakeDown()[pri:0, instance:testCases.TestCases@7a3d45bd]" started-at="2023-08-17T23:32:40 IST" name="TakeDown" finished-at="2023-08-17T23:32:40 IST" duration-ms="181" status="PASS">
          <reporter-output>
          </reporter-output>
        </test-method> <!-- TakeDown -->
        <test-method is-config="true" signature="stop()[pri:0, instance:testCases.TestCases@7a3d45bd]" started-at="2023-08-17T23:32:40 IST" name="stop" finished-at="2023-08-17T23:32:40 IST" duration-ms="1" status="PASS">
          <reporter-output>
          </reporter-output>
        </test-method> <!-- stop -->
      </class> <!-- testCases.TestCases -->
    </test> <!-- Test2 -->
  </suite> <!-- Suite2 -->
</testng-results>
