<?xml version="1.0" encoding="UTF-8"?>
<!-- Generated by org.testng.reporters.JUnitXMLReporter -->
<testsuite ignored="0" hostname="DESKTOP-FV0KD14" failures="2" tests="2" name="Test" time="14.566" errors="0" timestamp="2023-08-10T22:07:53 IST">
  <testcase classname="testCases.TestCases" name="fileUpload" time="1.468">
    <failure type="java.lang.NullPointerException" message="Cannot invoke &amp;quot;pageLayer.LoginPage.enterUsername(String)&amp;quot; because &amp;quot;this.login&amp;quot; is null">
      <![CDATA[java.lang.NullPointerException: Cannot invoke "pageLayer.LoginPage.enterUsername(String)" because "this.login" is null
at testCases.TestCases.fileUpload(TestCases.java:36)
at java.base/java.util.ArrayList.forEach(ArrayList.java:1511)
... Removed 25 stack frames]]>
    </failure>
  </testcase> <!-- fileUpload -->
  <testcase classname="testCases.TestCases" name="loginTest" time="0.978">
    <failure type="java.lang.NullPointerException" message="Cannot invoke &amp;quot;pageLayer.LoginPage.enterUsername(String)&amp;quot; because &amp;quot;this.login&amp;quot; is null">
      <![CDATA[java.lang.NullPointerException: Cannot invoke "pageLayer.LoginPage.enterUsername(String)" because "this.login" is null
at testCases.TestCases.loginTest(TestCases.java:21)
at java.base/java.util.ArrayList.forEach(ArrayList.java:1511)
... Removed 25 stack frames]]>
    </failure>
  </testcase> <!-- loginTest -->
</testsuite> <!-- Test -->
