<?xml version="1.0" encoding="UTF-8"?>
<!-- Generated by org.testng.reporters.JUnitXMLReporter -->
<testsuite ignored="1" hostname="DESKTOP-FV0KD14" failures="0" tests="2" name="Test" time="17.739" errors="0" timestamp="2023-08-16T14:24:19 IST">
  <testcase classname="testCases.TestCases" name="fileUpload" time="5.757"/>
  <testcase classname="testCases.TestCases" name="testFilpkart" time="3.002"/>
  <testcase classname="testCases.TestCases" name="loginTest" time="0.0">
    <ignored/>
  </testcase> <!-- loginTest -->
</testsuite> <!-- Test -->
