<?xml version="1.0" encoding="UTF-8"?>
<!-- Generated by org.testng.reporters.JUnitXMLReporter -->
<testsuite ignored="0" hostname="dasun-workstation" failures="0" tests="3" name="Default test" time="31.025" errors="0" timestamp="2023-08-16T06:59:14 IST">
  <testcase classname="testCases.TestLogger" name="test1" time="0.006"/>
  <testcase classname="testCases.TestLogger" name="test2" time="0.009"/>
  <testcase classname="testCases.TestLogger" name="test3" time="0.001"/>
</testsuite> <!-- Default test -->
